execve("/usr/bin/cat", ["cat", "./tests/cli_test_nakamoto/cli_te"...], 0x7ffe4fa02578 /* 43 vars */) = 0
brk(NULL)                               = 0x55d87daf7000
arch_prctl(0x3001 /* ARCH_??? */, 0x7fff7db63d40) = -1 EINVAL (Invalid argument)
mmap(NULL, 8192, PROT_READ|PROT_WRITE, MAP_PRIVATE|MAP_ANONYMOUS, -1, 0) = 0x7f98a9ae7000
access("/etc/ld.so.preload", R_OK)      = -1 ENOENT (No such file or directory)
openat(AT_FDCWD, "/etc/ld.so.cache", O_RDONLY|O_CLOEXEC) = 3
newfstatat(3, "", {st_mode=S_IFREG|0644, st_size=53723, ...}, AT_EMPTY_PATH) = 0
mmap(NULL, 53723, PROT_READ, MAP_PRIVATE, 3, 0) = 0x7f98a9ad9000
close(3)                                = 0
openat(AT_FDCWD, "/lib/x86_64-linux-gnu/libc.so.6", O_RDONLY|O_CLOEXEC) = 3
read(3, "\177ELF\2\1\1\3\0\0\0\0\0\0\0\0\3\0>\0\1\0\0\0P\237\2\0\0\0\0\0"..., 832) = 832
pread64(3, "\6\0\0\0\4\0\0\0@\0\0\0\0\0\0\0@\0\0\0\0\0\0\0@\0\0\0\0\0\0\0"..., 784, 64) = 784
pread64(3, "\4\0\0\0 \0\0\0\5\0\0\0GNU\0\2\0\0\300\4\0\0\0\3\0\0\0\0\0\0\0"..., 48, 848) = 48
pread64(3, "\4\0\0\0\24\0\0\0\3\0\0\0GNU\0i8\235HZ\227\223\333\350s\360\352,\223\340."..., 68, 896) = 68
newfstatat(3, "", {st_mode=S_IFREG|0644, st_size=2216304, ...}, AT_EMPTY_PATH) = 0
pread64(3, "\6\0\0\0\4\0\0\0@\0\0\0\0\0\0\0@\0\0\0\0\0\0\0@\0\0\0\0\0\0\0"..., 784, 64) = 784
mmap(NULL, 2260560, PROT_READ, MAP_PRIVATE|MAP_DENYWRITE, 3, 0) = 0x7f98a9800000
mmap(0x7f98a9828000, 1658880, PROT_READ|PROT_EXEC, MAP_PRIVATE|MAP_FIXED|MAP_DENYWRITE, 3, 0x28000) = 0x7f98a9828000
mmap(0x7f98a99bd000, 360448, PROT_READ, MAP_PRIVATE|MAP_FIXED|MAP_DENYWRITE, 3, 0x1bd000) = 0x7f98a99bd000
mmap(0x7f98a9a15000, 24576, PROT_READ|PROT_WRITE, MAP_PRIVATE|MAP_FIXED|MAP_DENYWRITE, 3, 0x214000) = 0x7f98a9a15000
mmap(0x7f98a9a1b000, 52816, PROT_READ|PROT_WRITE, MAP_PRIVATE|MAP_FIXED|MAP_ANONYMOUS, -1, 0) = 0x7f98a9a1b000
close(3)                                = 0
mmap(NULL, 12288, PROT_READ|PROT_WRITE, MAP_PRIVATE|MAP_ANONYMOUS, -1, 0) = 0x7f98a9ad6000
arch_prctl(ARCH_SET_FS, 0x7f98a9ad6740) = 0
set_tid_address(0x7f98a9ad6a10)         = 300947
set_robust_list(0x7f98a9ad6a20, 24)     = 0
rseq(0x7f98a9ad70e0, 0x20, 0, 0x53053053) = 0
mprotect(0x7f98a9a15000, 16384, PROT_READ) = 0
mprotect(0x55d87d0e0000, 4096, PROT_READ) = 0
mprotect(0x7f98a9b21000, 8192, PROT_READ) = 0
prlimit64(0, RLIMIT_STACK, NULL, {rlim_cur=8192*1024, rlim_max=RLIM64_INFINITY}) = 0
munmap(0x7f98a9ad9000, 53723)           = 0
getrandom("\xfb\x95\xe4\x76\xa7\x5d\x44\xbd", 8, GRND_NONBLOCK) = 8
brk(NULL)                               = 0x55d87daf7000
brk(0x55d87db18000)                     = 0x55d87db18000
openat(AT_FDCWD, "/usr/lib/locale/locale-archive", O_RDONLY|O_CLOEXEC) = 3
newfstatat(3, "", {st_mode=S_IFREG|0644, st_size=14580176, ...}, AT_EMPTY_PATH) = 0
mmap(NULL, 14580176, PROT_READ, MAP_PRIVATE, 3, 0) = 0x7f98a8a00000
close(3)                                = 0
newfstatat(1, "", {st_mode=S_IFREG|0664, st_size=0, ...}, AT_EMPTY_PATH) = 0
openat(AT_FDCWD, "./tests/cli_test_nakamoto/cli_test_nakamoto_0.input", O_RDONLY) = 3
newfstatat(3, "", {st_mode=S_IFREG|0664, st_size=6798, ...}, AT_EMPTY_PATH) = 0
fadvise64(3, 0, 0, POSIX_FADV_SEQUENTIAL) = 0
mmap(NULL, 139264, PROT_READ|PROT_WRITE, MAP_PRIVATE|MAP_ANONYMOUS, -1, 0) = 0x7f98a9ab4000
read(3, "{\"Initialize\":[\"{\\n    \\\"all_blo"..., 131072) = 6798
write(1, "{\"Initialize\":[\"{\\n    \\\"all_blo"..., 6798) = 6798
read(3, "", 131072)                     = 0
munmap(0x7f98a9ab4000, 139264)          = 0
close(3)                                = 0
close(1)                                = 0
close(2)                                = 0
exit_group(0)                           = ?
+++ exited with 0 +++
execve("/usr/bin/cat", ["cat", "./tests/cli_test_nakamoto/cli_te"...], 0x7ffe78f00bd8 /* 43 vars */) = 0
brk(NULL)                               = 0x5639c92fc000
arch_prctl(0x3001 /* ARCH_??? */, 0x7ffd63d74e10) = -1 EINVAL (Invalid argument)
mmap(NULL, 8192, PROT_READ|PROT_WRITE, MAP_PRIVATE|MAP_ANONYMOUS, -1, 0) = 0x7fb39dfa0000
access("/etc/ld.so.preload", R_OK)      = -1 ENOENT (No such file or directory)
openat(AT_FDCWD, "/etc/ld.so.cache", O_RDONLY|O_CLOEXEC) = 3
newfstatat(3, "", {st_mode=S_IFREG|0644, st_size=53723, ...}, AT_EMPTY_PATH) = 0
mmap(NULL, 53723, PROT_READ, MAP_PRIVATE, 3, 0) = 0x7fb39df92000
close(3)                                = 0
openat(AT_FDCWD, "/lib/x86_64-linux-gnu/libc.so.6", O_RDONLY|O_CLOEXEC) = 3
read(3, "\177ELF\2\1\1\3\0\0\0\0\0\0\0\0\3\0>\0\1\0\0\0P\237\2\0\0\0\0\0"..., 832) = 832
pread64(3, "\6\0\0\0\4\0\0\0@\0\0\0\0\0\0\0@\0\0\0\0\0\0\0@\0\0\0\0\0\0\0"..., 784, 64) = 784
pread64(3, "\4\0\0\0 \0\0\0\5\0\0\0GNU\0\2\0\0\300\4\0\0\0\3\0\0\0\0\0\0\0"..., 48, 848) = 48
pread64(3, "\4\0\0\0\24\0\0\0\3\0\0\0GNU\0i8\235HZ\227\223\333\350s\360\352,\223\340."..., 68, 896) = 68
newfstatat(3, "", {st_mode=S_IFREG|0644, st_size=2216304, ...}, AT_EMPTY_PATH) = 0
pread64(3, "\6\0\0\0\4\0\0\0@\0\0\0\0\0\0\0@\0\0\0\0\0\0\0@\0\0\0\0\0\0\0"..., 784, 64) = 784
mmap(NULL, 2260560, PROT_READ, MAP_PRIVATE|MAP_DENYWRITE, 3, 0) = 0x7fb39dc00000
mmap(0x7fb39dc28000, 1658880, PROT_READ|PROT_EXEC, MAP_PRIVATE|MAP_FIXED|MAP_DENYWRITE, 3, 0x28000) = 0x7fb39dc28000
mmap(0x7fb39ddbd000, 360448, PROT_READ, MAP_PRIVATE|MAP_FIXED|MAP_DENYWRITE, 3, 0x1bd000) = 0x7fb39ddbd000
mmap(0x7fb39de15000, 24576, PROT_READ|PROT_WRITE, MAP_PRIVATE|MAP_FIXED|MAP_DENYWRITE, 3, 0x214000) = 0x7fb39de15000
mmap(0x7fb39de1b000, 52816, PROT_READ|PROT_WRITE, MAP_PRIVATE|MAP_FIXED|MAP_ANONYMOUS, -1, 0) = 0x7fb39de1b000
close(3)                                = 0
mmap(NULL, 12288, PROT_READ|PROT_WRITE, MAP_PRIVATE|MAP_ANONYMOUS, -1, 0) = 0x7fb39df8f000
arch_prctl(ARCH_SET_FS, 0x7fb39df8f740) = 0
set_tid_address(0x7fb39df8fa10)         = 301043
set_robust_list(0x7fb39df8fa20, 24)     = 0
rseq(0x7fb39df900e0, 0x20, 0, 0x53053053) = 0
mprotect(0x7fb39de15000, 16384, PROT_READ) = 0
mprotect(0x5639c7800000, 4096, PROT_READ) = 0
mprotect(0x7fb39dfda000, 8192, PROT_READ) = 0
prlimit64(0, RLIMIT_STACK, NULL, {rlim_cur=8192*1024, rlim_max=RLIM64_INFINITY}) = 0
munmap(0x7fb39df92000, 53723)           = 0
getrandom("\x99\x73\x5c\x01\x20\xb1\x26\xdc", 8, GRND_NONBLOCK) = 8
brk(NULL)                               = 0x5639c92fc000
brk(0x5639c931d000)                     = 0x5639c931d000
openat(AT_FDCWD, "/usr/lib/locale/locale-archive", O_RDONLY|O_CLOEXEC) = 3
newfstatat(3, "", {st_mode=S_IFREG|0644, st_size=14580176, ...}, AT_EMPTY_PATH) = 0
mmap(NULL, 14580176, PROT_READ, MAP_PRIVATE, 3, 0) = 0x7fb39ce00000
close(3)                                = 0
newfstatat(1, "", {st_mode=S_IFREG|0664, st_size=6798, ...}, AT_EMPTY_PATH) = 0
openat(AT_FDCWD, "./tests/cli_test_nakamoto/cli_test_nakamoto_0.input", O_RDONLY) = 3
newfstatat(3, "", {st_mode=S_IFREG|0664, st_size=6798, ...}, AT_EMPTY_PATH) = 0
fadvise64(3, 0, 0, POSIX_FADV_SEQUENTIAL) = 0
mmap(NULL, 139264, PROT_READ|PROT_WRITE, MAP_PRIVATE|MAP_ANONYMOUS, -1, 0) = 0x7fb39df6d000
read(3, "{\"Initialize\":[\"{\\n    \\\"all_blo"..., 131072) = 6798
write(1, "{\"Initialize\":[\"{\\n    \\\"all_blo"..., 6798) = 6798
read(3, "", 131072)                     = 0
munmap(0x7fb39df6d000, 139264)          = 0
close(3)                                = 0
close(1)                                = 0
close(2)                                = 0
exit_group(0)                           = ?
+++ exited with 0 +++
